

Microchip MPLAB XC8 Assembler V2.10 build 88905656 
                                                                                               Thu Apr 08 22:13:07 2021

Microchip MPLAB XC8 C Compiler v2.10 (Free license) build 20190730164152 Og1 
     1                           	processor	16F628A
     2                           	opt	pw 120
     3                           	opt	flic
     4                           	psect	idataCOMMON,global,class=CODE,delta=2
     5                           	psect	cinit,global,class=CODE,merge=1,delta=2
     6                           	psect	bssCOMMON,global,class=COMMON,space=1,delta=1
     7                           	psect	dataCOMMON,global,class=COMMON,space=1,delta=1
     8                           	psect	cstackCOMMON,global,class=COMMON,space=1,delta=1
     9                           	psect	maintext,global,class=CODE,split=1,delta=2
    10                           	psect	text1,local,class=CODE,merge=1,delta=2
    11                           	psect	text2,local,class=CODE,merge=1,delta=2
    12                           	psect	intentry,global,class=CODE,delta=2
    13                           	dabs	1,0x7E,2
    14  0000                     
    15                           ; Version 2.10
    16                           ; Generated 31/07/2019 GMT
    17                           ; 
    18                           ; Copyright © 2019, Microchip Technology Inc. and its subsidiaries ("Microchip")
    19                           ; All rights reserved.
    20                           ; 
    21                           ; This software is developed by Microchip Technology Inc. and its subsidiaries ("Microch
      +                          ip").
    22                           ; 
    23                           ; Redistribution and use in source and binary forms, with or without modification, are
    24                           ; permitted provided that the following conditions are met:
    25                           ; 
    26                           ;     1. Redistributions of source code must retain the above copyright notice, this lis
      +                          t of
    27                           ;        conditions and the following disclaimer.
    28                           ; 
    29                           ;     2. Redistributions in binary form must reproduce the above copyright notice, this 
      +                          list
    30                           ;        of conditions and the following disclaimer in the documentation and/or other
    31                           ;        materials provided with the distribution.
    32                           ; 
    33                           ;     3. Microchip's name may not be used to endorse or promote products derived from th
      +                          is
    34                           ;        software without specific prior written permission.
    35                           ; 
    36                           ; THIS SOFTWARE IS PROVIDED BY MICROCHIP "AS IS" AND ANY EXPRESS OR IMPLIED WARRANTIES,
    37                           ; INCLUDING, BUT NOT LIMITED TO, THE IMPLIED WARRANTIES OF MERCHANTABILITY AND FITNESS F
      +                          OR
    38                           ; PURPOSE ARE DISCLAIMED.  IN NO EVENT SHALL MICROCHIP BE LIABLE FOR ANY DIRECT, INDIREC
      +                          T,
    39                           ; INCIDENTAL, SPECIAL, EXEMPLARY, OR CONSEQUENTIAL DAMAGES (INCLUDING BUT NOT LIMITED TO
    40                           ; PROCUREMENT OF SUBSTITUTE GOODS OR SERVICES; LOSS OF USE, DATA OR PROFITS; OR BUSINESS
    41                           ; INTERRUPTION) HOWSOEVER CAUSED AND ON ANY THEORY OF LIABILITY, WHETHER IN CONTRACT, ST
      +                          RICT
    42                           ; LIABILITY, OR TORT (INCLUDING NEGLIGENCE OR OTHERWISE) ARISING IN ANY WAY OUT OF THE U
      +                          SE OF
    43                           ; THIS SOFTWARE, EVEN IF ADVISED OF THE POSSIBILITY OF SUCH DAMAGE.
    44                           ; 
    45                           ; 
    46                           ; Code-generator required, PIC16F628A Definitions
    47                           ; 
    48                           ; SFR Addresses
    49  0000                     	;# 
    50  0001                     	;# 
    51  0002                     	;# 
    52  0003                     	;# 
    53  0004                     	;# 
    54  0005                     	;# 
    55  0006                     	;# 
    56  000A                     	;# 
    57  000B                     	;# 
    58  000C                     	;# 
    59  000E                     	;# 
    60  000E                     	;# 
    61  000F                     	;# 
    62  0010                     	;# 
    63  0011                     	;# 
    64  0012                     	;# 
    65  0015                     	;# 
    66  0015                     	;# 
    67  0016                     	;# 
    68  0017                     	;# 
    69  0018                     	;# 
    70  0019                     	;# 
    71  001A                     	;# 
    72  001F                     	;# 
    73  0081                     	;# 
    74  0085                     	;# 
    75  0086                     	;# 
    76  008C                     	;# 
    77  008E                     	;# 
    78  0092                     	;# 
    79  0098                     	;# 
    80  0099                     	;# 
    81  009A                     	;# 
    82  009B                     	;# 
    83  009C                     	;# 
    84  009D                     	;# 
    85  009F                     	;# 
    86  0000                     	;# 
    87  0001                     	;# 
    88  0002                     	;# 
    89  0003                     	;# 
    90  0004                     	;# 
    91  0005                     	;# 
    92  0006                     	;# 
    93  000A                     	;# 
    94  000B                     	;# 
    95  000C                     	;# 
    96  000E                     	;# 
    97  000E                     	;# 
    98  000F                     	;# 
    99  0010                     	;# 
   100  0011                     	;# 
   101  0012                     	;# 
   102  0015                     	;# 
   103  0015                     	;# 
   104  0016                     	;# 
   105  0017                     	;# 
   106  0018                     	;# 
   107  0019                     	;# 
   108  001A                     	;# 
   109  001F                     	;# 
   110  0081                     	;# 
   111  0085                     	;# 
   112  0086                     	;# 
   113  008C                     	;# 
   114  008E                     	;# 
   115  0092                     	;# 
   116  0098                     	;# 
   117  0099                     	;# 
   118  009A                     	;# 
   119  009B                     	;# 
   120  009C                     	;# 
   121  009D                     	;# 
   122  009F                     	;# 
   123  0000                     	;# 
   124  0001                     	;# 
   125  0002                     	;# 
   126  0003                     	;# 
   127  0004                     	;# 
   128  0005                     	;# 
   129  0006                     	;# 
   130  000A                     	;# 
   131  000B                     	;# 
   132  000C                     	;# 
   133  000E                     	;# 
   134  000E                     	;# 
   135  000F                     	;# 
   136  0010                     	;# 
   137  0011                     	;# 
   138  0012                     	;# 
   139  0015                     	;# 
   140  0015                     	;# 
   141  0016                     	;# 
   142  0017                     	;# 
   143  0018                     	;# 
   144  0019                     	;# 
   145  001A                     	;# 
   146  001F                     	;# 
   147  0081                     	;# 
   148  0085                     	;# 
   149  0086                     	;# 
   150  008C                     	;# 
   151  008E                     	;# 
   152  0092                     	;# 
   153  0098                     	;# 
   154  0099                     	;# 
   155  009A                     	;# 
   156  009B                     	;# 
   157  009C                     	;# 
   158  009D                     	;# 
   159  009F                     	;# 
   160                           
   161                           	psect	idataCOMMON
   162  00E7                     __pidataCOMMON:	
   163                           
   164                           ;initializer for _duty
   165  00E7  34FA               	retlw	250
   166  00E8  3400               	retlw	0
   167  0015                     _CCPR1	set	21
   168  000E                     _TMR1	set	14
   169  0015                     _CCPR1L	set	21
   170  0006                     _PORTBbits	set	6
   171  0017                     _CCP1CONbits	set	23
   172  0012                     _T2CONbits	set	18
   173  0011                     _TMR2	set	17
   174  0010                     _T1CONbits	set	16
   175  0001                     _TMR0	set	1
   176  0006                     _PORTB	set	6
   177  0005                     _PORTA	set	5
   178  000C                     _PIR1bits	set	12
   179  000B                     _INTCONbits	set	11
   180  0092                     _PR2	set	146
   181  0086                     _TRISB	set	134
   182  0085                     _TRISA	set	133
   183  008C                     _PIE1bits	set	140
   184  0081                     _OPTION_REGbits	set	129
   185                           
   186                           ; #config settings
   187  0000                     
   188                           	psect	cinit
   189  000B                     start_initialization:	
   190  000B                     __initialization:	
   191                           
   192                           ; Initialize objects allocated to COMMON
   193  000B  20E7               	fcall	__pidataCOMMON	;fetch initializer
   194  000C  00F7               	movwf	__pdataCOMMON& (0+127)
   195  000D  20E8               	fcall	__pidataCOMMON+1	;fetch initializer
   196  000E  00F8               	movwf	(__pdataCOMMON+1)& (0+127)
   197                           
   198                           ; Clear objects allocated to COMMON
   199  000F  01F5               	clrf	__pbssCOMMON& (0+127)
   200  0010  01F6               	clrf	(__pbssCOMMON+1)& (0+127)
   201  0011                     end_of_initialization:	
   202                           ;End of C runtime variable initialization code
   203                           
   204  0011                     __end_of__initialization:	
   205  0011  0183               	clrf	3
   206  0012  2864               	ljmp	_main	;jump to C main() function
   207                           
   208                           	psect	bssCOMMON
   209  0075                     __pbssCOMMON:	
   210  0075                     _old_duty:	
   211  0075                     	ds	2
   212                           
   213                           	psect	dataCOMMON
   214  0077                     __pdataCOMMON:	
   215  0077                     _duty:	
   216  0077                     	ds	2
   217                           
   218                           	psect	cstackCOMMON
   219  0070                     __pcstackCOMMON:	
   220  0070                     ?_Initial_Configurations:	
   221  0070                     ?_ISR:	
   222                           ; 1 bytes @ 0x0
   223                           
   224  0070                     ??_ISR:	
   225                           ; 1 bytes @ 0x0
   226                           
   227  0070                     ?_main:	
   228                           ; 1 bytes @ 0x0
   229                           
   230                           
   231                           ; 1 bytes @ 0x0
   232  0070                     	ds	2
   233  0072                     ??_Initial_Configurations:	
   234  0072                     ??_main:	
   235                           ; 1 bytes @ 0x2
   236                           
   237                           
   238                           ; 1 bytes @ 0x2
   239  0072                     	ds	3
   240                           
   241                           	psect	maintext
   242  0064                     __pmaintext:	
   243 ;;
   244 ;;Main: autosize = 0, tempsize = 3, incstack = 0, save=0
   245 ;;
   246 ;; *************** function _main *****************
   247 ;; Defined at:
   248 ;;		line 54 in file "CCP_MODULE_PWM_MODE_Firmware.c"
   249 ;; Parameters:    Size  Location     Type
   250 ;;		None
   251 ;; Auto vars:     Size  Location     Type
   252 ;;		None
   253 ;; Return value:  Size  Location     Type
   254 ;;                  1    wreg      void 
   255 ;; Registers used:
   256 ;;		wreg, status,2, status,0, pclath, cstack
   257 ;; Tracked objects:
   258 ;;		On entry : B00/0
   259 ;;		On exit  : 0/0
   260 ;;		Unchanged: 0/0
   261 ;; Data sizes:     COMMON   BANK0   BANK1   BANK2
   262 ;;      Params:         0       0       0       0
   263 ;;      Locals:         0       0       0       0
   264 ;;      Temps:          3       0       0       0
   265 ;;      Totals:         3       0       0       0
   266 ;;Total ram usage:        3 bytes
   267 ;; Hardware stack levels required when called:    2
   268 ;; This function calls:
   269 ;;		_Initial_Configurations
   270 ;; This function is called by:
   271 ;;		Startup code after reset
   272 ;; This function uses a non-reentrant model
   273 ;;
   274                           
   275                           
   276                           ;psect for function _main
   277  0064                     _main:	
   278  0064                     l732:	
   279                           ;incstack = 0
   280                           ; Regs used in _main: [wreg+status,2+status,0+pclath+cstack]
   281                           
   282                           
   283                           ;CCP_MODULE_PWM_MODE_Firmware.c: 56:     Initial_Configurations();
   284  0064  2013               	fcall	_Initial_Configurations
   285  0065                     l734:	
   286                           
   287                           ;CCP_MODULE_PWM_MODE_Firmware.c: 60:     {;CCP_MODULE_PWM_MODE_Firmware.c: 61:         i
      +                          f(old_duty != duty)
   288  0065  0878               	movf	_duty+1,w	;volatile
   289  0066  0676               	xorwf	_old_duty+1,w	;volatile
   290  0067  1D03               	skipz
   291  0068  286B               	goto	u75
   292  0069  0877               	movf	_duty,w	;volatile
   293  006A  0675               	xorwf	_old_duty,w	;volatile
   294  006B                     u75:	
   295  006B  1903               	skipnz
   296  006C  286E               	goto	u71
   297  006D  286F               	goto	u70
   298  006E                     u71:	
   299  006E  2894               	goto	l744
   300  006F                     u70:	
   301  006F                     l736:	
   302                           
   303                           ;CCP_MODULE_PWM_MODE_Firmware.c: 62:         {;CCP_MODULE_PWM_MODE_Firmware.c: 63:      
      +                                 old_duty = duty;
   304  006F  0878               	movf	_duty+1,w	;volatile
   305  0070  00F6               	movwf	_old_duty+1	;volatile
   306  0071  0877               	movf	_duty,w	;volatile
   307  0072  00F5               	movwf	_old_duty	;volatile
   308  0073                     l738:	
   309                           
   310                           ;CCP_MODULE_PWM_MODE_Firmware.c: 64:             CCP1CONbits.CCP1Y = duty&1;
   311  0073  0877               	movf	_duty,w	;volatile
   312  0074  3901               	andlw	1
   313  0075  00F2               	movwf	??_main
   314  0076  0EF2               	swapf	??_main,f
   315  0077  1283               	bcf	3,5	;RP0=0, select bank0
   316  0078  1303               	bcf	3,6	;RP1=0, select bank0
   317  0079  0817               	movf	23,w	;volatile
   318  007A  0672               	xorwf	??_main,w
   319  007B  39EF               	andlw	-17
   320  007C  0672               	xorwf	??_main,w
   321  007D  0097               	movwf	23	;volatile
   322  007E                     l740:	
   323                           
   324                           ;CCP_MODULE_PWM_MODE_Firmware.c: 65:             CCP1CONbits.CCP1X = duty&2;
   325  007E  0877               	movf	_duty,w	;volatile
   326  007F  3902               	andlw	2
   327  0080  00F2               	movwf	??_main
   328  0081  0EF2               	swapf	??_main,f
   329  0082  0DF2               	rlf	??_main,f
   330  0083  0817               	movf	23,w	;volatile
   331  0084  0672               	xorwf	??_main,w
   332  0085  39DF               	andlw	-33
   333  0086  0672               	xorwf	??_main,w
   334  0087  0097               	movwf	23	;volatile
   335  0088                     l742:	
   336                           
   337                           ;CCP_MODULE_PWM_MODE_Firmware.c: 66:             CCPR1L = duty>>2;
   338  0088  0878               	movf	_duty+1,w	;volatile
   339  0089  00F3               	movwf	??_main+1
   340  008A  0877               	movf	_duty,w	;volatile
   341  008B  00F2               	movwf	??_main
   342  008C  1003               	clrc
   343  008D  0CF3               	rrf	??_main+1,f
   344  008E  0CF2               	rrf	??_main,f
   345  008F  1003               	clrc
   346  0090  0CF3               	rrf	??_main+1,f
   347  0091  0CF2               	rrf	??_main,f
   348  0092  0872               	movf	??_main,w
   349  0093  0095               	movwf	21	;volatile
   350  0094                     l744:	
   351                           
   352                           ;CCP_MODULE_PWM_MODE_Firmware.c: 68:         PORTBbits.RB0 = ~PORTBbits.RB0;
   353  0094  1003               	clrc
   354  0095  1283               	bcf	3,5	;RP0=0, select bank0
   355  0096  1303               	bcf	3,6	;RP1=0, select bank0
   356  0097  1C06               	btfss	6,0	;volatile
   357  0098  1403               	setc
   358  0099  1803               	btfsc	3,0
   359  009A  289C               	goto	u81
   360  009B  28A0               	goto	u80
   361  009C                     u81:	
   362  009C  1283               	bcf	3,5	;RP0=0, select bank0
   363  009D  1303               	bcf	3,6	;RP1=0, select bank0
   364  009E  1406               	bsf	6,0	;volatile
   365  009F  28A3               	goto	u94
   366  00A0                     u80:	
   367  00A0  1283               	bcf	3,5	;RP0=0, select bank0
   368  00A1  1303               	bcf	3,6	;RP1=0, select bank0
   369  00A2  1006               	bcf	6,0	;volatile
   370  00A3                     u94:	
   371  00A3                     l746:	
   372                           
   373                           ;CCP_MODULE_PWM_MODE_Firmware.c: 69:         _delay((unsigned long)((500)*(20000000UL/40
      +                          00.0)));
   374  00A3  300D               	movlw	13
   375  00A4  00F4               	movwf	??_main+2
   376  00A5  30AF               	movlw	175
   377  00A6  00F3               	movwf	??_main+1
   378  00A7  30B6               	movlw	182
   379  00A8  00F2               	movwf	??_main
   380  00A9                     u107:	
   381  00A9  0BF2               	decfsz	??_main,f
   382  00AA  28A9               	goto	u107
   383  00AB  0BF3               	decfsz	??_main+1,f
   384  00AC  28A9               	goto	u107
   385  00AD  0BF4               	decfsz	??_main+2,f
   386  00AE  28A9               	goto	u107
   387  00AF  0000               	nop
   388  00B0  2865               	goto	l734
   389  00B1  280A               	ljmp	start
   390  00B2                     __end_of_main:	
   391                           
   392                           	psect	text1
   393  0013                     __ptext1:	
   394 ;; *************** function _Initial_Configurations *****************
   395 ;; Defined at:
   396 ;;		line 15 in file "configurations.c"
   397 ;; Parameters:    Size  Location     Type
   398 ;;		None
   399 ;; Auto vars:     Size  Location     Type
   400 ;;		None
   401 ;; Return value:  Size  Location     Type
   402 ;;                  1    wreg      void 
   403 ;; Registers used:
   404 ;;		wreg, status,2
   405 ;; Tracked objects:
   406 ;;		On entry : 0/0
   407 ;;		On exit  : 0/0
   408 ;;		Unchanged: 0/0
   409 ;; Data sizes:     COMMON   BANK0   BANK1   BANK2
   410 ;;      Params:         0       0       0       0
   411 ;;      Locals:         0       0       0       0
   412 ;;      Temps:          0       0       0       0
   413 ;;      Totals:         0       0       0       0
   414 ;;Total ram usage:        0 bytes
   415 ;; Hardware stack levels used:    1
   416 ;; Hardware stack levels required when called:    1
   417 ;; This function calls:
   418 ;;		Nothing
   419 ;; This function is called by:
   420 ;;		_main
   421 ;; This function uses a non-reentrant model
   422 ;;
   423                           
   424                           
   425                           ;psect for function _Initial_Configurations
   426  0013                     _Initial_Configurations:	
   427  0013                     l660:	
   428                           ;incstack = 0
   429                           ; Regs used in _Initial_Configurations: [wreg+status,2]
   430                           
   431                           
   432                           ;configurations.c: 25:             OPTION_REGbits.nRBPU = 1;
   433  0013  1683               	bsf	3,5	;RP0=1, select bank1
   434  0014  1303               	bcf	3,6	;RP1=0, select bank1
   435  0015  1781               	bsf	1,7	;volatile
   436                           
   437                           ;configurations.c: 26:             OPTION_REGbits.INTEDG = 1;
   438  0016  1701               	bsf	1,6	;volatile
   439                           
   440                           ;configurations.c: 27:             OPTION_REGbits.T0CS = 0;
   441  0017  1281               	bcf	1,5	;volatile
   442                           
   443                           ;configurations.c: 28:             OPTION_REGbits.T0SE = 0;
   444  0018  1201               	bcf	1,4	;volatile
   445                           
   446                           ;configurations.c: 29:             OPTION_REGbits.PSA = 0;
   447  0019  1181               	bcf	1,3	;volatile
   448                           
   449                           ;configurations.c: 30:             OPTION_REGbits.PS2 = 0;
   450  001A  1101               	bcf	1,2	;volatile
   451                           
   452                           ;configurations.c: 31:             OPTION_REGbits.PS1 = 0;
   453  001B  1081               	bcf	1,1	;volatile
   454                           
   455                           ;configurations.c: 32:             OPTION_REGbits.PS0 = 0;
   456  001C  1001               	bcf	1,0	;volatile
   457                           
   458                           ;configurations.c: 35:             INTCONbits.GIE = 1;
   459  001D  178B               	bsf	11,7	;volatile
   460                           
   461                           ;configurations.c: 36:             INTCONbits.PEIE = 1;
   462  001E  170B               	bsf	11,6	;volatile
   463                           
   464                           ;configurations.c: 37:             INTCONbits.T0IE = 0;
   465  001F  128B               	bcf	11,5	;volatile
   466                           
   467                           ;configurations.c: 38:             INTCONbits.INTE = 0;
   468  0020  120B               	bcf	11,4	;volatile
   469                           
   470                           ;configurations.c: 39:             INTCONbits.RBIE = 1;
   471  0021  158B               	bsf	11,3	;volatile
   472                           
   473                           ;configurations.c: 40:             INTCONbits.T0IF = 0;
   474  0022  110B               	bcf	11,2	;volatile
   475                           
   476                           ;configurations.c: 41:             INTCONbits.INTF = 0;
   477  0023  108B               	bcf	11,1	;volatile
   478                           
   479                           ;configurations.c: 42:             INTCONbits.RBIF = 0;
   480  0024  100B               	bcf	11,0	;volatile
   481                           
   482                           ;configurations.c: 45:             PIE1bits.EEIE = 0;
   483  0025  138C               	bcf	12,7	;volatile
   484                           
   485                           ;configurations.c: 46:             PIE1bits.CMIE = 0;
   486  0026  130C               	bcf	12,6	;volatile
   487                           
   488                           ;configurations.c: 47:             PIE1bits.RCIE = 0;
   489  0027  128C               	bcf	12,5	;volatile
   490                           
   491                           ;configurations.c: 48:             PIE1bits.TXIE = 0;
   492  0028  120C               	bcf	12,4	;volatile
   493                           
   494                           ;configurations.c: 49:             PIE1bits.CCP1IE = 0;
   495  0029  110C               	bcf	12,2	;volatile
   496                           
   497                           ;configurations.c: 50:             PIE1bits.TMR2IE = 0;
   498  002A  108C               	bcf	12,1	;volatile
   499                           
   500                           ;configurations.c: 51:             PIE1bits.TMR1IE = 0;
   501  002B  100C               	bcf	12,0	;volatile
   502                           
   503                           ;configurations.c: 54:             PIR1bits.EEIF = 0;
   504  002C  1283               	bcf	3,5	;RP0=0, select bank0
   505  002D  1303               	bcf	3,6	;RP1=0, select bank0
   506  002E  138C               	bcf	12,7	;volatile
   507                           
   508                           ;configurations.c: 55:             PIR1bits.CMIF = 0;
   509  002F  130C               	bcf	12,6	;volatile
   510                           
   511                           ;configurations.c: 56:             PIR1bits.RCIF = 0;
   512  0030  128C               	bcf	12,5	;volatile
   513                           
   514                           ;configurations.c: 57:             PIR1bits.TXIF = 0;
   515  0031  120C               	bcf	12,4	;volatile
   516                           
   517                           ;configurations.c: 58:             PIR1bits.CCP1IF = 0;
   518  0032  110C               	bcf	12,2	;volatile
   519                           
   520                           ;configurations.c: 59:             PIR1bits.TMR2IF = 0;
   521  0033  108C               	bcf	12,1	;volatile
   522                           
   523                           ;configurations.c: 60:             PIR1bits.TMR1IF = 0;
   524  0034  100C               	bcf	12,0	;volatile
   525  0035                     l662:	
   526                           
   527                           ;configurations.c: 71:             TRISA = 0x00;
   528  0035  1683               	bsf	3,5	;RP0=1, select bank1
   529  0036  1303               	bcf	3,6	;RP1=0, select bank1
   530  0037  0185               	clrf	5	;volatile
   531                           
   532                           ;configurations.c: 72:             PORTA = 0x00;
   533  0038  1283               	bcf	3,5	;RP0=0, select bank0
   534  0039  1303               	bcf	3,6	;RP1=0, select bank0
   535  003A  0185               	clrf	5	;volatile
   536  003B                     l664:	
   537                           
   538                           ;configurations.c: 75:             TRISB = 0xF0;
   539  003B  30F0               	movlw	240
   540  003C  1683               	bsf	3,5	;RP0=1, select bank1
   541  003D  1303               	bcf	3,6	;RP1=0, select bank1
   542  003E  0086               	movwf	6	;volatile
   543  003F                     l666:	
   544                           
   545                           ;configurations.c: 76:             PORTB = 0x00;
   546  003F  1283               	bcf	3,5	;RP0=0, select bank0
   547  0040  1303               	bcf	3,6	;RP1=0, select bank0
   548  0041  0186               	clrf	6	;volatile
   549  0042                     l668:	
   550                           
   551                           ;configurations.c: 85:             TMR0 = 0x00;
   552  0042  0181               	clrf	1	;volatile
   553  0043                     l670:	
   554                           
   555                           ;configurations.c: 88:             TMR1 = 0x0001;
   556  0043  3000               	movlw	0
   557  0044  008F               	movwf	15	;volatile
   558  0045  3001               	movlw	1
   559  0046  008E               	movwf	14	;volatile
   560  0047                     l672:	
   561                           
   562                           ;configurations.c: 90:             T1CONbits.T1CKPS1 = 0;
   563  0047  1290               	bcf	16,5	;volatile
   564  0048                     l674:	
   565                           
   566                           ;configurations.c: 91:             T1CONbits.T1CKPS0 = 0;
   567  0048  1210               	bcf	16,4	;volatile
   568  0049                     l676:	
   569                           
   570                           ;configurations.c: 92:             T1CONbits.T1OSCEN = 0;
   571  0049  1190               	bcf	16,3	;volatile
   572  004A                     l678:	
   573                           
   574                           ;configurations.c: 93:             T1CONbits.nT1SYNC = 0;
   575  004A  1110               	bcf	16,2	;volatile
   576  004B                     l680:	
   577                           
   578                           ;configurations.c: 94:             T1CONbits.TMR1CS = 0;
   579  004B  1090               	bcf	16,1	;volatile
   580  004C                     l682:	
   581                           
   582                           ;configurations.c: 95:             T1CONbits.TMR1ON = 0;
   583  004C  1010               	bcf	16,0	;volatile
   584  004D                     l684:	
   585                           
   586                           ;configurations.c: 98:             TMR2 = 0x00;
   587  004D  0191               	clrf	17	;volatile
   588                           
   589                           ;configurations.c: 99:             PR2 = 125;
   590  004E  307D               	movlw	125
   591  004F  1683               	bsf	3,5	;RP0=1, select bank1
   592  0050  1303               	bcf	3,6	;RP1=0, select bank1
   593  0051  0092               	movwf	18	;volatile
   594  0052                     l686:	
   595                           
   596                           ;configurations.c: 101:             T2CONbits.TOUTPS3 = 0;
   597  0052  1283               	bcf	3,5	;RP0=0, select bank0
   598  0053  1303               	bcf	3,6	;RP1=0, select bank0
   599  0054  1312               	bcf	18,6	;volatile
   600  0055                     l688:	
   601                           
   602                           ;configurations.c: 102:             T2CONbits.TOUTPS2 = 0;
   603  0055  1292               	bcf	18,5	;volatile
   604  0056                     l690:	
   605                           
   606                           ;configurations.c: 103:             T2CONbits.TOUTPS1 = 0;
   607  0056  1212               	bcf	18,4	;volatile
   608  0057                     l692:	
   609                           
   610                           ;configurations.c: 104:             T2CONbits.TOUTPS0 = 0;
   611  0057  1192               	bcf	18,3	;volatile
   612  0058                     l694:	
   613                           
   614                           ;configurations.c: 105:             T2CONbits.TMR2ON = 1;
   615  0058  1512               	bsf	18,2	;volatile
   616  0059                     l696:	
   617                           
   618                           ;configurations.c: 106:             T2CONbits.T2CKPS1 = 0;
   619  0059  1092               	bcf	18,1	;volatile
   620  005A                     l698:	
   621                           
   622                           ;configurations.c: 107:             T2CONbits.T2CKPS0 = 1;
   623  005A  1412               	bsf	18,0	;volatile
   624  005B                     l700:	
   625                           
   626                           ;configurations.c: 115:             CCPR1 = 0x0000;
   627  005B  0195               	clrf	21	;volatile
   628  005C  0196               	clrf	22	;volatile
   629  005D                     l702:	
   630                           
   631                           ;configurations.c: 117:             CCP1CONbits.CCP1X = 0;
   632  005D  1297               	bcf	23,5	;volatile
   633  005E                     l704:	
   634                           
   635                           ;configurations.c: 118:             CCP1CONbits.CCP1Y = 0;
   636  005E  1217               	bcf	23,4	;volatile
   637  005F                     l706:	
   638                           
   639                           ;configurations.c: 119:             CCP1CONbits.CCP1M3 = 1;
   640  005F  1597               	bsf	23,3	;volatile
   641  0060                     l708:	
   642                           
   643                           ;configurations.c: 120:             CCP1CONbits.CCP1M2 = 1;
   644  0060  1517               	bsf	23,2	;volatile
   645  0061                     l710:	
   646                           
   647                           ;configurations.c: 121:             CCP1CONbits.CCP1M1 = 0;
   648  0061  1097               	bcf	23,1	;volatile
   649  0062                     l712:	
   650                           
   651                           ;configurations.c: 122:             CCP1CONbits.CCP1M0 = 0;
   652  0062  1017               	bcf	23,0	;volatile
   653  0063                     l35:	
   654  0063  0008               	return
   655  0064                     __end_of_Initial_Configurations:	
   656                           
   657                           	psect	text2
   658  00B2                     __ptext2:	
   659 ;; *************** function _ISR *****************
   660 ;; Defined at:
   661 ;;		line 40 in file "CCP_MODULE_PWM_MODE_Firmware.c"
   662 ;; Parameters:    Size  Location     Type
   663 ;;		None
   664 ;; Auto vars:     Size  Location     Type
   665 ;;		None
   666 ;; Return value:  Size  Location     Type
   667 ;;                  1    wreg      void 
   668 ;; Registers used:
   669 ;;		wreg, status,2, status,0
   670 ;; Tracked objects:
   671 ;;		On entry : 0/0
   672 ;;		On exit  : 0/0
   673 ;;		Unchanged: 0/0
   674 ;; Data sizes:     COMMON   BANK0   BANK1   BANK2
   675 ;;      Params:         0       0       0       0
   676 ;;      Locals:         0       0       0       0
   677 ;;      Temps:          2       0       0       0
   678 ;;      Totals:         2       0       0       0
   679 ;;Total ram usage:        2 bytes
   680 ;; Hardware stack levels used:    1
   681 ;; This function calls:
   682 ;;		Nothing
   683 ;; This function is called by:
   684 ;;		Interrupt level 1
   685 ;; This function uses a non-reentrant model
   686 ;;
   687                           
   688                           
   689                           ;psect for function _ISR
   690  00B2                     _ISR:	
   691  00B2                     i1l714:	
   692                           
   693                           ;CCP_MODULE_PWM_MODE_Firmware.c: 42:     if(INTCONbits.RBIF && INTCONbits.RBIE)
   694  00B2  1C0B               	btfss	11,0	;volatile
   695  00B3  28B5               	goto	u1_21
   696  00B4  28B6               	goto	u1_20
   697  00B5                     u1_21:	
   698  00B5  28E0               	goto	i1l59
   699  00B6                     u1_20:	
   700  00B6                     i1l716:	
   701  00B6  1D8B               	btfss	11,3	;volatile
   702  00B7  28B9               	goto	u2_21
   703  00B8  28BA               	goto	u2_20
   704  00B9                     u2_21:	
   705  00B9  28E0               	goto	i1l59
   706  00BA                     u2_20:	
   707  00BA                     i1l718:	
   708                           
   709                           ;CCP_MODULE_PWM_MODE_Firmware.c: 43:     {;CCP_MODULE_PWM_MODE_Firmware.c: 44:         i
      +                          f(PORTBbits.RB6 && (duty<500)) duty+=20;
   710  00BA  1283               	bcf	3,5	;RP0=0, select bank0
   711  00BB  1303               	bcf	3,6	;RP1=0, select bank0
   712  00BC  1F06               	btfss	6,6	;volatile
   713  00BD  28BF               	goto	u3_21
   714  00BE  28C0               	goto	u3_20
   715  00BF                     u3_21:	
   716  00BF  28CF               	goto	i1l724
   717  00C0                     u3_20:	
   718  00C0                     i1l720:	
   719  00C0  3001               	movlw	1
   720  00C1  0278               	subwf	_duty+1,w	;volatile
   721  00C2  30F4               	movlw	244
   722  00C3  1903               	skipnz
   723  00C4  0277               	subwf	_duty,w	;volatile
   724  00C5  1803               	skipnc
   725  00C6  28C8               	goto	u4_21
   726  00C7  28C9               	goto	u4_20
   727  00C8                     u4_21:	
   728  00C8  28CF               	goto	i1l724
   729  00C9                     u4_20:	
   730  00C9                     i1l722:	
   731  00C9  3014               	movlw	20
   732  00CA  07F7               	addwf	_duty,f	;volatile
   733  00CB  1803               	skipnc
   734  00CC  0AF8               	incf	_duty+1,f	;volatile
   735  00CD  3000               	movlw	0
   736  00CE  07F8               	addwf	_duty+1,f	;volatile
   737  00CF                     i1l724:	
   738                           
   739                           ;CCP_MODULE_PWM_MODE_Firmware.c: 45:         if(PORTBbits.RB7 && (duty>0)) duty-=20;
   740  00CF  1F86               	btfss	6,7	;volatile
   741  00D0  28D2               	goto	u5_21
   742  00D1  28D3               	goto	u5_20
   743  00D2                     u5_21:	
   744  00D2  28DF               	goto	i1l730
   745  00D3                     u5_20:	
   746  00D3                     i1l726:	
   747  00D3  0877               	movf	_duty,w	;volatile
   748  00D4  0478               	iorwf	_duty+1,w	;volatile
   749  00D5  1903               	btfsc	3,2
   750  00D6  28D8               	goto	u6_21
   751  00D7  28D9               	goto	u6_20
   752  00D8                     u6_21:	
   753  00D8  28DF               	goto	i1l730
   754  00D9                     u6_20:	
   755  00D9                     i1l728:	
   756  00D9  3014               	movlw	20
   757  00DA  02F7               	subwf	_duty,f	;volatile
   758  00DB  3000               	movlw	0
   759  00DC  1C03               	skipc
   760  00DD  03F8               	decf	_duty+1,f	;volatile
   761  00DE  02F8               	subwf	_duty+1,f	;volatile
   762  00DF                     i1l730:	
   763                           
   764                           ;CCP_MODULE_PWM_MODE_Firmware.c: 47:         INTCONbits.RBIF = 0;
   765  00DF  100B               	bcf	11,0	;volatile
   766  00E0                     i1l59:	
   767  00E0  0871               	movf	??_ISR+1,w
   768  00E1  008A               	movwf	10
   769  00E2  0E70               	swapf	??_ISR^(0+4294967168),w
   770  00E3  0083               	movwf	3
   771  00E4  0EFE               	swapf	btemp,f
   772  00E5  0E7E               	swapf	btemp,w
   773  00E6  0009               	retfie
   774  00E7                     __end_of_ISR:	
   775  007E                     btemp	set	126	;btemp
   776  007E                     wtemp0	set	126
   777                           
   778                           	psect	intentry
   779  0004                     __pintentry:	
   780                           ;incstack = 0
   781                           ; Regs used in _ISR: [wreg+status,2+status,0]
   782                           
   783  0004                     interrupt_function:	
   784  007E                     saved_w	set	btemp
   785  0004  00FE               	movwf	btemp
   786  0005  0E03               	swapf	3,w
   787  0006  00F0               	movwf	??_ISR
   788  0007  080A               	movf	10,w
   789  0008  00F1               	movwf	??_ISR+1
   790  0009  28B2               	ljmp	_ISR


Data Sizes:
    Strings     0
    Constant    0
    Data        2
    BSS         2
    Persistent  0
    Stack       0

Auto Spaces:
    Space          Size  Autos    Used
    COMMON           14      5       9
    BANK0            80      0       0
    BANK1            80      0       0
    BANK2            48      0       0

Pointer List with Targets:

    None.

Critical Paths under _main in COMMON

    None.

Critical Paths under _ISR in COMMON

    None.

Critical Paths under _main in BANK0

    None.

Critical Paths under _ISR in BANK0

    None.

Critical Paths under _main in BANK1

    None.

Critical Paths under _ISR in BANK1

    None.

Critical Paths under _main in BANK2

    None.

Critical Paths under _ISR in BANK2

    None.

Call Graph Tables:

 ---------------------------------------------------------------------------------
 (Depth) Function   	        Calls       Base Space   Used Autos Params    Refs
 ---------------------------------------------------------------------------------
 (0) _main                                                 3     3      0       0
                                              2 COMMON     3     3      0
             _Initial_Configurations
 ---------------------------------------------------------------------------------
 (1) _Initial_Configurations                               0     0      0       0
 ---------------------------------------------------------------------------------
 Estimated maximum stack depth 1
 ---------------------------------------------------------------------------------
 (Depth) Function   	        Calls       Base Space   Used Autos Params    Refs
 ---------------------------------------------------------------------------------
 (2) _ISR                                                  2     2      0       0
                                              0 COMMON     2     2      0
 ---------------------------------------------------------------------------------
 Estimated maximum stack depth 2
 ---------------------------------------------------------------------------------

 Call Graph Graphs:

 _main (ROOT)
   _Initial_Configurations

 _ISR (ROOT)

 Address spaces:
Name               Size   Autos  Total    Cost      Usage
SFR3                 0      0       0       4        0.0%
BITSFR3              0      0       0       4        0.0%
BANK2               30      0       0       9        0.0%
BITBANK2            30      0       0       8        0.0%
SFR2                 0      0       0       5        0.0%
BITSFR2              0      0       0       5        0.0%
BANK1               50      0       0       7        0.0%
BITBANK1            50      0       0       6        0.0%
SFR1                 0      0       0       2        0.0%
BITSFR1              0      0       0       2        0.0%
BANK0               50      0       0       3        0.0%
BITBANK0            50      0       0       5        0.0%
SFR0                 0      0       0       1        0.0%
BITSFR0              0      0       0       1        0.0%
COMMON               E      5       9       1       64.3%
BITCOMMON            E      0       0       0        0.0%
CODE                 0      0       0       0        0.0%
DATA                 0      0       9      10        0.0%
ABS                  0      0       9       4        0.0%
NULL                 0      0       0       0        0.0%
STACK                0      0       0       2        0.0%
EEDATA              80      0       0       0        0.0%


Microchip Technology PIC Macro Assembler V2.10 build 88905656 
Symbol Table                                                                                   Thu Apr 08 22:13:07 2021

                    __CFG_CP$OFF 0000                               l35 0063                               u70 006F  
                             u71 006E                               u80 00A0                               u81 009C  
                             u75 006B                               u94 00A3   __end_of_Initial_Configurations 0064  
                            l700 005B                              l710 0061                              l702 005D  
                            l712 0062                              l704 005E                              l706 005F  
                            l708 0060                              l660 0013                              l740 007E  
                            l732 0064                              l670 0043                              l662 0035  
                            l742 0088                              l734 0065                              l680 004B  
                            l672 0047                              l664 003B                              l736 006F  
                            l744 0094                              l690 0056                              l682 004C  
                            l674 0048                              l666 003F                              l746 00A3  
                            l738 0073                              l692 0057                              l684 004D  
                            l676 0049                              l668 0042                              l694 0058  
                            l686 0052                              l678 004A                              l696 0059  
                            l688 0055                              l698 005A                              u107 00A9  
                            _PR2 0092                     __CFG_CPD$OFF 0000                              _ISR 00B2  
                   __CFG_FOSC$XT 0000                     __CFG_LVP$OFF 0000                             ?_ISR 0070  
                           i1l59 00E0                             _TMR0 0001                             _TMR1 000E  
                           _TMR2 0011                             u1_20 00B6                             u1_21 00B5  
                           u2_20 00BA                             u2_21 00B9                             u3_20 00C0  
                           u3_21 00BF                             u4_20 00C9                             u4_21 00C8  
                           u5_20 00D3                             u5_21 00D2                             u6_20 00D9  
                           u6_21 00D8                             _main 0064                             _duty 0077  
                           btemp 007E                             start 000A                    __CFG_MCLRE$ON 0000  
                          ??_ISR 0070                            ?_main 0070                            _CCPR1 0015  
                  __CFG_WDTE$OFF 0000                            i1l720 00C0                            i1l730 00DF  
                          i1l722 00C9                            i1l714 00B2                            i1l724 00CF  
                          i1l716 00B6                            i1l726 00D3                            i1l718 00BA  
                          i1l728 00D9                            _PORTA 0005                            _PORTB 0006  
                          _TRISA 0085                            _TRISB 0086                   __CFG_BOREN$OFF 0000  
                          pclath 000A                            status 0003                            wtemp0 007E  
                __initialization 000B                     __end_of_main 00B2                           ??_main 0072  
                         _CCPR1L 0015                   __CFG_PWRTE$OFF 0000                     __pdataCOMMON 0077  
                         saved_w 007E          __end_of__initialization 0011                   __pcstackCOMMON 0070  
                 _OPTION_REGbits 0081                       __pmaintext 0064                       __pintentry 0004  
                        __ptext1 0013                          __ptext2 00B2                     __size_of_ISR 0035  
                      _T1CONbits 0010                        _T2CONbits 0012             end_of_initialization 0011  
       ??_Initial_Configurations 0072                        _PORTBbits 0006                      _CCP1CONbits 0017  
                  __pidataCOMMON 00E7              start_initialization 000B                      __end_of_ISR 00E7  
__size_of_Initial_Configurations 0051                      __pbssCOMMON 0075                        ___latbits 0000  
         _Initial_Configurations 0013                interrupt_function 0004                         _PIE1bits 008C  
                       _PIR1bits 000C                    __size_of_main 004E                         _old_duty 0075  
                     _INTCONbits 000B                         intlevel1 0000          ?_Initial_Configurations 0070  
